[ 2015-08-27T17:52:03+08:00 ] 192.168.2.105 /index.php/admin
INFO: [ app_init ] --START--
INFO: Run Behavior\BuildLiteBehavior [ RunTime:0.000036s ]
INFO: [ app_init ] --END-- [ RunTime:0.000694s ]
INFO: [ app_begin ] --START--
INFO: Run Behavior\ReadHtmlCacheBehavior [ RunTime:0.001173s ]
INFO: [ app_begin ] --END-- [ RunTime:0.001369s ]
INFO: [ view_parse ] --START--
INFO: [ template_filter ] --START--
INFO: Run Behavior\ContentReplaceBehavior [ RunTime:0.000092s ]
INFO: [ template_filter ] --END-- [ RunTime:0.000246s ]
INFO: Run Behavior\ParseTemplateBehavior [ RunTime:0.040934s ]
INFO: [ view_parse ] --END-- [ RunTime:0.041134s ]
INFO: [ view_filter ] --START--
INFO: Run Behavior\WriteHtmlCacheBehavior [ RunTime:0.000702s ]
INFO: [ view_filter ] --END-- [ RunTime:0.000864s ]

[ 2015-08-27T17:52:05+08:00 ] 192.168.2.105 /index.php/Admin/user/login.html
INFO: [ app_init ] --START--
INFO: Run Behavior\BuildLiteBehavior [ RunTime:0.000046s ]
INFO: [ app_init ] --END-- [ RunTime:0.000797s ]
INFO: [ app_begin ] --START--
INFO: Run Behavior\ReadHtmlCacheBehavior [ RunTime:0.001011s ]
INFO: [ app_begin ] --END-- [ RunTime:0.001255s ]
INFO: [ view_parse ] --START--
INFO: [ template_filter ] --START--
INFO: Run Behavior\ContentReplaceBehavior [ RunTime:0.000149s ]
INFO: [ template_filter ] --END-- [ RunTime:0.000358s ]
INFO: Run Behavior\ParseTemplateBehavior [ RunTime:0.013466s ]
INFO: [ view_parse ] --END-- [ RunTime:0.013687s ]
INFO: [ view_filter ] --START--
INFO: Run Behavior\WriteHtmlCacheBehavior [ RunTime:0.000517s ]
INFO: [ view_filter ] --END-- [ RunTime:0.000698s ]
INFO: [ app_end ] --START--
INFO: Run Behavior\ShowPageTraceBehavior [ RunTime:0.001022s ]
INFO: [ app_end ] --END-- [ RunTime:0.001195s ]

[ 2015-08-27T17:52:06+08:00 ] 192.168.2.105 /index.php/Admin/user/login.html
INFO: [ app_init ] --START--
INFO: Run Behavior\BuildLiteBehavior [ RunTime:0.000031s ]
INFO: [ app_init ] --END-- [ RunTime:0.000573s ]
INFO: [ app_begin ] --START--
INFO: Run Behavior\ReadHtmlCacheBehavior [ RunTime:0.000626s ]
INFO: [ app_begin ] --END-- [ RunTime:0.000746s ]
SQL: SHOW COLUMNS FROM `wp_user` [ RunTime:0.0049s ]
SQL: SELECT * FROM `wp_user` WHERE ( cate=10000 and username='YaWdRmtianW747O0O0O1' ) LIMIT 1   [ RunTime:0.0004s ]
SQL: UPDATE `wp_user` SET `errendtime`='1440669126',`errtimes`='0',`loginstr`='a:3:{s:9:\"logintime\";i:1440669126;s:12:\"loginaddress\";s:39:\"局域网对方和您在同一内部网\";s:7:\"loginip\";s:13:\"192.168.2.105\";}' WHERE ( username='YaWdRmtianW747O0O0O1' ) [ RunTime:0.0006s ]
SQL: SHOW COLUMNS FROM `wp_loginrecode` [ RunTime:0.0052s ]
SQL: INSERT INTO `wp_loginrecode` (`username`,`time`,`address`,`ip`) VALUES ('YaWdRmtianW747O0O0O1','1440669126','局域网对方和您在同一内部网','192.168.2.105') [ RunTime:0.0059s ]
SQL: SELECT `time` FROM `wp_loginrecode` WHERE ( username='YaWdRmtianW747O0O0O1' ) ORDER BY time desc LIMIT 20   [ RunTime:0.0005s ]
SQL: DELETE FROM `wp_loginrecode` WHERE ( username='YaWdRmtianW747O0O0O1' and time not in(1440669126,1440580245,1440569657,1440474967,1440426675,1440399705,1440388733,1440381978,1440249337,1440249336,1440249328,1440249327,1440249325,1440249324,1440249322,1440249316,1440249183,1440248968,1440248946,1440248690) ) [ RunTime:0.0003s ]

[ 2015-08-27T17:52:08+08:00 ] 192.168.2.105 /index.php/Admin/index/index.html
INFO: [ app_init ] --START--
INFO: Run Behavior\BuildLiteBehavior [ RunTime:0.000042s ]
INFO: [ app_init ] --END-- [ RunTime:0.000750s ]
INFO: [ app_begin ] --START--
INFO: Run Behavior\ReadHtmlCacheBehavior [ RunTime:0.000801s ]
INFO: [ app_begin ] --END-- [ RunTime:0.000998s ]
INFO: [ view_parse ] --START--
INFO: [ template_filter ] --START--
INFO: Run Behavior\ContentReplaceBehavior [ RunTime:0.000276s ]
INFO: [ template_filter ] --END-- [ RunTime:0.000763s ]
INFO: Run Behavior\ParseTemplateBehavior [ RunTime:0.069599s ]
INFO: [ view_parse ] --END-- [ RunTime:0.070350s ]
INFO: [ view_filter ] --START--
INFO: Run Behavior\WriteHtmlCacheBehavior [ RunTime:0.002943s ]
INFO: [ view_filter ] --END-- [ RunTime:0.003508s ]
INFO: [ app_end ] --START--
INFO: Run Behavior\ShowPageTraceBehavior [ RunTime:0.001829s ]
INFO: [ app_end ] --END-- [ RunTime:0.002194s ]

[ 2015-08-27T17:52:08+08:00 ] 192.168.2.105 /index.php/Admin/nav/left.html
INFO: [ app_init ] --START--
INFO: Run Behavior\BuildLiteBehavior [ RunTime:0.000028s ]
INFO: [ app_init ] --END-- [ RunTime:0.000473s ]
INFO: [ app_begin ] --START--
INFO: Run Behavior\ReadHtmlCacheBehavior [ RunTime:0.000725s ]
INFO: [ app_begin ] --END-- [ RunTime:0.000870s ]
SQL: SHOW COLUMNS FROM `wp_nav` [ RunTime:0.0047s ]
SQL: SELECT `name`,`u1`,`u2`,`face` FROM `wp_nav` WHERE (  (  `pid` LIKE '% ,5 %' ) OR (  `pid` = 5 ) ) AND (  `show` = '1' ) ORDER BY paixu asc  [ RunTime:0.0062s ]
INFO: [ view_parse ] --START--
INFO: [ template_filter ] --START--
INFO: Run Behavior\ContentReplaceBehavior [ RunTime:0.000091s ]
INFO: [ template_filter ] --END-- [ RunTime:0.000228s ]
INFO: Run Behavior\ParseTemplateBehavior [ RunTime:0.017182s ]
INFO: [ view_parse ] --END-- [ RunTime:0.017319s ]
INFO: [ view_filter ] --START--
INFO: Run Behavior\WriteHtmlCacheBehavior [ RunTime:0.000365s ]
INFO: [ view_filter ] --END-- [ RunTime:0.000477s ]
INFO: [ app_end ] --START--
INFO: Run Behavior\ShowPageTraceBehavior [ RunTime:0.000626s ]
INFO: [ app_end ] --END-- [ RunTime:0.000735s ]

[ 2015-08-27T17:52:08+08:00 ] 192.168.2.105 /index.php/Admin/content/gets/panel/index.html
INFO: [ app_init ] --START--
INFO: Run Behavior\BuildLiteBehavior [ RunTime:0.000030s ]
INFO: [ app_init ] --END-- [ RunTime:0.000506s ]
INFO: [ app_begin ] --START--
INFO: Run Behavior\ReadHtmlCacheBehavior [ RunTime:0.000770s ]
INFO: [ app_begin ] --END-- [ RunTime:0.000916s ]
SQL: SHOW COLUMNS FROM `wp_loginrecode` [ RunTime:0.0061s ]
SQL: SELECT * FROM `wp_loginrecode` WHERE ( username='YaWdRmtianW747O0O0O1' ) ORDER BY time desc LIMIT 20   [ RunTime:0.0006s ]
INFO: [ app_end ] --START--
INFO: Run Behavior\ShowPageTraceBehavior [ RunTime:0.001402s ]
INFO: [ app_end ] --END-- [ RunTime:0.001625s ]

[ 2015-08-27T17:52:08+08:00 ] 192.168.2.105 /index.php/Admin/nav/top.html
INFO: [ app_init ] --START--
INFO: Run Behavior\BuildLiteBehavior [ RunTime:0.000053s ]
INFO: [ app_init ] --END-- [ RunTime:0.001299s ]
INFO: [ app_begin ] --START--
INFO: Run Behavior\ReadHtmlCacheBehavior [ RunTime:0.001475s ]
INFO: [ app_begin ] --END-- [ RunTime:0.001761s ]
SQL: SHOW COLUMNS FROM `wp_nav` [ RunTime:0.0042s ]
SQL: SELECT `id`,`name` FROM `wp_nav` WHERE `pid` = '0' AND `show` = 1 ORDER BY paixu asc  [ RunTime:0.0004s ]
INFO: [ app_end ] --START--
INFO: Run Behavior\ShowPageTraceBehavior [ RunTime:0.001058s ]
INFO: [ app_end ] --END-- [ RunTime:0.001214s ]

[ 2015-08-27T17:52:14+08:00 ] 192.168.2.105 /index.php/Admin/nav/left/pid/21.html
INFO: [ app_init ] --START--
INFO: Run Behavior\BuildLiteBehavior [ RunTime:0.000027s ]
INFO: [ app_init ] --END-- [ RunTime:0.000576s ]
INFO: [ app_begin ] --START--
INFO: Run Behavior\ReadHtmlCacheBehavior [ RunTime:0.000818s ]
INFO: [ app_begin ] --END-- [ RunTime:0.001021s ]
SQL: SHOW COLUMNS FROM `wp_nav` [ RunTime:0.0042s ]
SQL: SELECT `name`,`u1`,`u2`,`face` FROM `wp_nav` WHERE (  (  `pid` LIKE '% ,21 %' ) OR (  `pid` = 21 ) ) AND (  `show` = '1' ) ORDER BY paixu asc  [ RunTime:0.0004s ]
INFO: [ view_parse ] --START--
INFO: [ template_filter ] --START--
INFO: Run Behavior\ContentReplaceBehavior [ RunTime:0.000073s ]
INFO: [ template_filter ] --END-- [ RunTime:0.000205s ]
INFO: Run Behavior\ParseTemplateBehavior [ RunTime:0.011722s ]
INFO: [ view_parse ] --END-- [ RunTime:0.011969s ]
INFO: [ view_filter ] --START--
INFO: Run Behavior\WriteHtmlCacheBehavior [ RunTime:0.000876s ]
INFO: [ view_filter ] --END-- [ RunTime:0.001004s ]
INFO: [ app_end ] --START--
INFO: Run Behavior\ShowPageTraceBehavior [ RunTime:0.000952s ]
INFO: [ app_end ] --END-- [ RunTime:0.001082s ]

[ 2015-08-27T17:52:15+08:00 ] 192.168.2.105 /index.php/Admin/nav/left/pid/5.html
INFO: [ app_init ] --START--
INFO: Run Behavior\BuildLiteBehavior [ RunTime:0.000055s ]
INFO: [ app_init ] --END-- [ RunTime:0.001357s ]
INFO: [ app_begin ] --START--
INFO: Run Behavior\ReadHtmlCacheBehavior [ RunTime:0.001550s ]
INFO: [ app_begin ] --END-- [ RunTime:0.001794s ]
SQL: SHOW COLUMNS FROM `wp_nav` [ RunTime:0.0049s ]
SQL: SELECT `name`,`u1`,`u2`,`face` FROM `wp_nav` WHERE (  (  `pid` LIKE '% ,5 %' ) OR (  `pid` = 5 ) ) AND (  `show` = '1' ) ORDER BY paixu asc  [ RunTime:0.0004s ]
INFO: [ view_parse ] --START--
INFO: [ template_filter ] --START--
INFO: Run Behavior\ContentReplaceBehavior [ RunTime:0.000075s ]
INFO: [ template_filter ] --END-- [ RunTime:0.000205s ]
INFO: Run Behavior\ParseTemplateBehavior [ RunTime:0.010829s ]
INFO: [ view_parse ] --END-- [ RunTime:0.010968s ]
INFO: [ view_filter ] --START--
INFO: Run Behavior\WriteHtmlCacheBehavior [ RunTime:0.000659s ]
INFO: [ view_filter ] --END-- [ RunTime:0.000773s ]
INFO: [ app_end ] --START--
INFO: Run Behavior\ShowPageTraceBehavior [ RunTime:0.000955s ]
INFO: [ app_end ] --END-- [ RunTime:0.001078s ]

[ 2015-08-27T17:52:16+08:00 ] 192.168.2.105 /index.php/Admin/nav/left/pid/21.html
INFO: [ app_init ] --START--
INFO: Run Behavior\BuildLiteBehavior [ RunTime:0.000029s ]
INFO: [ app_init ] --END-- [ RunTime:0.000517s ]
INFO: [ app_begin ] --START--
INFO: Run Behavior\ReadHtmlCacheBehavior [ RunTime:0.000973s ]
INFO: [ app_begin ] --END-- [ RunTime:0.001126s ]
SQL: SHOW COLUMNS FROM `wp_nav` [ RunTime:0.0088s ]
SQL: SELECT `name`,`u1`,`u2`,`face` FROM `wp_nav` WHERE (  (  `pid` LIKE '% ,21 %' ) OR (  `pid` = 21 ) ) AND (  `show` = '1' ) ORDER BY paixu asc  [ RunTime:0.0005s ]
INFO: [ view_parse ] --START--
INFO: [ template_filter ] --START--
INFO: Run Behavior\ContentReplaceBehavior [ RunTime:0.000078s ]
INFO: [ template_filter ] --END-- [ RunTime:0.000215s ]
INFO: Run Behavior\ParseTemplateBehavior [ RunTime:0.011528s ]
INFO: [ view_parse ] --END-- [ RunTime:0.011682s ]
INFO: [ view_filter ] --START--
INFO: Run Behavior\WriteHtmlCacheBehavior [ RunTime:0.000550s ]
INFO: [ view_filter ] --END-- [ RunTime:0.000649s ]
INFO: [ app_end ] --START--
INFO: Run Behavior\ShowPageTraceBehavior [ RunTime:0.000795s ]
INFO: [ app_end ] --END-- [ RunTime:0.000940s ]

