[ 2015-08-26T14:14:15+08:00 ] 192.168.2.105 /index.php/Admin/user/login/wechat/admin.html
INFO: [ app_init ] --START--
INFO: Run Behavior\BuildLiteBehavior [ RunTime:0.000047s ]
INFO: [ app_init ] --END-- [ RunTime:0.001128s ]
INFO: [ app_begin ] --START--
INFO: Run Behavior\ReadHtmlCacheBehavior [ RunTime:0.001370s ]
INFO: [ app_begin ] --END-- [ RunTime:0.001623s ]
INFO: [ view_parse ] --START--
INFO: [ template_filter ] --START--
INFO: Run Behavior\ContentReplaceBehavior [ RunTime:0.000226s ]
INFO: [ template_filter ] --END-- [ RunTime:0.000594s ]
INFO: Run Behavior\ParseTemplateBehavior [ RunTime:0.029990s ]
INFO: [ view_parse ] --END-- [ RunTime:0.030308s ]
INFO: [ view_filter ] --START--
INFO: Run Behavior\WriteHtmlCacheBehavior [ RunTime:0.000931s ]
INFO: [ view_filter ] --END-- [ RunTime:0.001124s ]
INFO: [ app_end ] --START--
INFO: Run Behavior\ShowPageTraceBehavior [ RunTime:0.001477s ]
INFO: [ app_end ] --END-- [ RunTime:0.001665s ]

[ 2015-08-26T14:14:17+08:00 ] 192.168.2.105 /index.php/Admin/user/login.html
INFO: [ app_init ] --START--
INFO: Run Behavior\BuildLiteBehavior [ RunTime:0.000051s ]
INFO: [ app_init ] --END-- [ RunTime:0.001301s ]
INFO: [ app_begin ] --START--
INFO: Run Behavior\ReadHtmlCacheBehavior [ RunTime:0.001747s ]
INFO: [ app_begin ] --END-- [ RunTime:0.001977s ]
SQL: SHOW COLUMNS FROM `wp_user` [ RunTime:0.0062s ]
SQL: SELECT * FROM `wp_user` WHERE ( cate=10000 and username='YaWdRmtianW747O0O0O1' ) LIMIT 1   [ RunTime:0.0005s ]
SQL: UPDATE `wp_user` SET `errendtime`='1440569657',`errtimes`='0',`loginstr`='a:3:{s:9:\"logintime\";i:1440569657;s:12:\"loginaddress\";s:39:\"局域网对方和您在同一内部网\";s:7:\"loginip\";s:13:\"192.168.2.105\";}' WHERE ( username='YaWdRmtianW747O0O0O1' ) [ RunTime:0.0012s ]
SQL: SHOW COLUMNS FROM `wp_loginrecode` [ RunTime:0.0167s ]
SQL: INSERT INTO `wp_loginrecode` (`username`,`time`,`address`,`ip`) VALUES ('YaWdRmtianW747O0O0O1','1440569657','局域网对方和您在同一内部网','192.168.2.105') [ RunTime:0.0133s ]
SQL: SELECT `time` FROM `wp_loginrecode` WHERE ( username='YaWdRmtianW747O0O0O1' ) ORDER BY time desc LIMIT 20   [ RunTime:0.0008s ]
SQL: DELETE FROM `wp_loginrecode` WHERE ( username='YaWdRmtianW747O0O0O1' and time not in(1440569657,1440474967,1440426675,1440399705,1440388733,1440381978,1440249337,1440249336,1440249328,1440249327,1440249325,1440249324,1440249322,1440249316,1440249183,1440248968,1440248946,1440248690,1440248677,1440248667) ) [ RunTime:0.0005s ]

[ 2015-08-26T14:14:18+08:00 ] 192.168.2.105 /index.php/Admin/index/index.html
INFO: [ app_init ] --START--
INFO: Run Behavior\BuildLiteBehavior [ RunTime:0.000055s ]
INFO: [ app_init ] --END-- [ RunTime:0.000746s ]
INFO: [ app_begin ] --START--
INFO: Run Behavior\ReadHtmlCacheBehavior [ RunTime:0.001198s ]
INFO: [ app_begin ] --END-- [ RunTime:0.001358s ]
INFO: [ view_parse ] --START--
INFO: [ template_filter ] --START--
INFO: Run Behavior\ContentReplaceBehavior [ RunTime:0.000175s ]
INFO: [ template_filter ] --END-- [ RunTime:0.000500s ]
INFO: Run Behavior\ParseTemplateBehavior [ RunTime:0.033982s ]
INFO: [ view_parse ] --END-- [ RunTime:0.034454s ]
INFO: [ view_filter ] --START--
INFO: Run Behavior\WriteHtmlCacheBehavior [ RunTime:0.001402s ]
INFO: [ view_filter ] --END-- [ RunTime:0.001685s ]
INFO: [ app_end ] --START--
INFO: Run Behavior\ShowPageTraceBehavior [ RunTime:0.002505s ]
INFO: [ app_end ] --END-- [ RunTime:0.002921s ]

[ 2015-08-26T14:14:18+08:00 ] 192.168.2.105 /index.php/Admin/nav/left.html
INFO: [ app_init ] --START--
INFO: Run Behavior\BuildLiteBehavior [ RunTime:0.000025s ]
INFO: [ app_init ] --END-- [ RunTime:0.000540s ]
INFO: [ app_begin ] --START--
INFO: Run Behavior\ReadHtmlCacheBehavior [ RunTime:0.000913s ]
INFO: [ app_begin ] --END-- [ RunTime:0.001123s ]
SQL: SHOW COLUMNS FROM `wp_nav` [ RunTime:0.0150s ]
SQL: SELECT `name`,`u1`,`u2`,`face` FROM `wp_nav` WHERE (  (  `pid` LIKE '% ,5 %' ) OR (  `pid` = 5 ) ) AND (  `show` = '1' ) ORDER BY paixu asc  [ RunTime:0.0090s ]
INFO: [ view_parse ] --START--
INFO: [ template_filter ] --START--
INFO: Run Behavior\ContentReplaceBehavior [ RunTime:0.000098s ]
INFO: [ template_filter ] --END-- [ RunTime:0.000298s ]
INFO: Run Behavior\ParseTemplateBehavior [ RunTime:0.024162s ]
INFO: [ view_parse ] --END-- [ RunTime:0.024454s ]
INFO: [ view_filter ] --START--
INFO: Run Behavior\WriteHtmlCacheBehavior [ RunTime:0.000939s ]
INFO: [ view_filter ] --END-- [ RunTime:0.001157s ]
INFO: [ app_end ] --START--
INFO: Run Behavior\ShowPageTraceBehavior [ RunTime:0.001343s ]
INFO: [ app_end ] --END-- [ RunTime:0.001578s ]

[ 2015-08-26T14:14:18+08:00 ] 192.168.2.105 /index.php/Admin/content/gets/panel/index.html
INFO: [ app_init ] --START--
INFO: Run Behavior\BuildLiteBehavior [ RunTime:0.000027s ]
INFO: [ app_init ] --END-- [ RunTime:0.000552s ]
INFO: [ app_begin ] --START--
INFO: Run Behavior\ReadHtmlCacheBehavior [ RunTime:0.001234s ]
INFO: [ app_begin ] --END-- [ RunTime:0.001403s ]
SQL: SHOW COLUMNS FROM `wp_loginrecode` [ RunTime:0.0039s ]
SQL: SELECT * FROM `wp_loginrecode` WHERE ( username='YaWdRmtianW747O0O0O1' ) ORDER BY time desc LIMIT 20   [ RunTime:0.0005s ]
INFO: [ app_end ] --START--
INFO: Run Behavior\ShowPageTraceBehavior [ RunTime:0.001144s ]
INFO: [ app_end ] --END-- [ RunTime:0.001267s ]

[ 2015-08-26T14:14:19+08:00 ] 192.168.2.105 /index.php/Admin/nav/top.html
INFO: [ app_init ] --START--
INFO: Run Behavior\BuildLiteBehavior [ RunTime:0.000036s ]
INFO: [ app_init ] --END-- [ RunTime:0.001025s ]
INFO: [ app_begin ] --START--
INFO: Run Behavior\ReadHtmlCacheBehavior [ RunTime:0.000695s ]
INFO: [ app_begin ] --END-- [ RunTime:0.000813s ]
SQL: SHOW COLUMNS FROM `wp_nav` [ RunTime:0.0067s ]
SQL: SELECT `id`,`name` FROM `wp_nav` WHERE `pid` = '0' AND `show` = 1 ORDER BY paixu asc  [ RunTime:0.0005s ]
INFO: [ app_end ] --START--
INFO: Run Behavior\ShowPageTraceBehavior [ RunTime:0.001066s ]
INFO: [ app_end ] --END-- [ RunTime:0.001183s ]

[ 2015-08-26T14:14:31+08:00 ] 192.168.2.105 /index.php/Admin/nav/left/pid/1.html
INFO: [ app_init ] --START--
INFO: Run Behavior\BuildLiteBehavior [ RunTime:0.000050s ]
INFO: [ app_init ] --END-- [ RunTime:0.001077s ]
INFO: [ app_begin ] --START--
INFO: Run Behavior\ReadHtmlCacheBehavior [ RunTime:0.001014s ]
INFO: [ app_begin ] --END-- [ RunTime:0.001234s ]
SQL: SHOW COLUMNS FROM `wp_nav` [ RunTime:0.0042s ]
SQL: SELECT `name`,`u1`,`u2`,`face` FROM `wp_nav` WHERE (  (  `pid` LIKE '% ,1 %' ) OR (  `pid` = 1 ) ) AND (  `show` = '1' ) ORDER BY paixu asc  [ RunTime:0.0004s ]
INFO: [ view_parse ] --START--
INFO: [ template_filter ] --START--
INFO: Run Behavior\ContentReplaceBehavior [ RunTime:0.000080s ]
INFO: [ template_filter ] --END-- [ RunTime:0.000209s ]
INFO: Run Behavior\ParseTemplateBehavior [ RunTime:0.010719s ]
INFO: [ view_parse ] --END-- [ RunTime:0.010846s ]
INFO: [ view_filter ] --START--
INFO: Run Behavior\WriteHtmlCacheBehavior [ RunTime:0.000353s ]
INFO: [ view_filter ] --END-- [ RunTime:0.000457s ]
INFO: [ app_end ] --START--
INFO: Run Behavior\ShowPageTraceBehavior [ RunTime:0.000568s ]
INFO: [ app_end ] --END-- [ RunTime:0.000675s ]

[ 2015-08-26T14:14:32+08:00 ] 192.168.2.105 /index.php/Admin/content/gets/panel/config.html
INFO: [ app_init ] --START--
INFO: Run Behavior\BuildLiteBehavior [ RunTime:0.000030s ]
INFO: [ app_init ] --END-- [ RunTime:0.000723s ]
INFO: [ app_begin ] --START--
INFO: Run Behavior\ReadHtmlCacheBehavior [ RunTime:0.000695s ]
INFO: [ app_begin ] --END-- [ RunTime:0.000843s ]
INFO: [ view_parse ] --START--
INFO: [ template_filter ] --START--
INFO: Run Behavior\ContentReplaceBehavior [ RunTime:0.000090s ]
INFO: [ template_filter ] --END-- [ RunTime:0.000248s ]
INFO: Run Behavior\ParseTemplateBehavior [ RunTime:0.009692s ]
INFO: [ view_parse ] --END-- [ RunTime:0.009912s ]
INFO: [ view_filter ] --START--
INFO: Run Behavior\WriteHtmlCacheBehavior [ RunTime:0.000365s ]
INFO: [ view_filter ] --END-- [ RunTime:0.000494s ]

[ 2015-08-26T14:14:32+08:00 ] 192.168.2.105 /index.php/Admin/content/gets/panel/myinfo.html
INFO: [ app_init ] --START--
INFO: Run Behavior\BuildLiteBehavior [ RunTime:0.000034s ]
INFO: [ app_init ] --END-- [ RunTime:0.000633s ]
INFO: [ app_begin ] --START--
INFO: Run Behavior\ReadHtmlCacheBehavior [ RunTime:0.000930s ]
INFO: [ app_begin ] --END-- [ RunTime:0.001096s ]
SQL: SHOW COLUMNS FROM `wp_loginrecode` [ RunTime:0.0043s ]
SQL: SELECT * FROM `wp_loginrecode` WHERE ( username='YaWdRmtianW747O0O0O1' ) ORDER BY time desc LIMIT 20   [ RunTime:0.0005s ]
INFO: [ app_end ] --START--
INFO: Run Behavior\ShowPageTraceBehavior [ RunTime:0.001098s ]
INFO: [ app_end ] --END-- [ RunTime:0.001232s ]

[ 2015-08-26T14:14:33+08:00 ] 192.168.2.105 /index.php/Admin/nav/left/pid/21.html
INFO: [ app_init ] --START--
INFO: Run Behavior\BuildLiteBehavior [ RunTime:0.000051s ]
INFO: [ app_init ] --END-- [ RunTime:0.000760s ]
INFO: [ app_begin ] --START--
INFO: Run Behavior\ReadHtmlCacheBehavior [ RunTime:0.000707s ]
INFO: [ app_begin ] --END-- [ RunTime:0.000865s ]
SQL: SHOW COLUMNS FROM `wp_nav` [ RunTime:0.0047s ]
SQL: SELECT `name`,`u1`,`u2`,`face` FROM `wp_nav` WHERE (  (  `pid` LIKE '% ,21 %' ) OR (  `pid` = 21 ) ) AND (  `show` = '1' ) ORDER BY paixu asc  [ RunTime:0.0006s ]
INFO: [ view_parse ] --START--
INFO: [ template_filter ] --START--
INFO: Run Behavior\ContentReplaceBehavior [ RunTime:0.000074s ]
INFO: [ template_filter ] --END-- [ RunTime:0.000195s ]
INFO: Run Behavior\ParseTemplateBehavior [ RunTime:0.009884s ]
INFO: [ view_parse ] --END-- [ RunTime:0.010047s ]
INFO: [ view_filter ] --START--
INFO: Run Behavior\WriteHtmlCacheBehavior [ RunTime:0.000359s ]
INFO: [ view_filter ] --END-- [ RunTime:0.000459s ]
INFO: [ app_end ] --START--
INFO: Run Behavior\ShowPageTraceBehavior [ RunTime:0.000624s ]
INFO: [ app_end ] --END-- [ RunTime:0.000753s ]

[ 2015-08-26T14:14:34+08:00 ] 192.168.2.105 /index.php/Admin/content/gets/panel/weixinconfig.html
INFO: [ app_init ] --START--
INFO: Run Behavior\BuildLiteBehavior [ RunTime:0.000152s ]
INFO: [ app_init ] --END-- [ RunTime:0.000914s ]
INFO: [ app_begin ] --START--
INFO: Run Behavior\ReadHtmlCacheBehavior [ RunTime:0.001164s ]
INFO: [ app_begin ] --END-- [ RunTime:0.001409s ]
INFO: [ view_parse ] --START--
INFO: [ template_filter ] --START--
INFO: Run Behavior\ContentReplaceBehavior [ RunTime:0.000077s ]
INFO: [ template_filter ] --END-- [ RunTime:0.000211s ]
INFO: Run Behavior\ParseTemplateBehavior [ RunTime:0.009018s ]
INFO: [ view_parse ] --END-- [ RunTime:0.009273s ]
INFO: [ view_filter ] --START--
INFO: Run Behavior\WriteHtmlCacheBehavior [ RunTime:0.000340s ]
INFO: [ view_filter ] --END-- [ RunTime:0.000448s ]

[ 2015-08-26T14:14:35+08:00 ] 192.168.2.105 /index.php/Admin/nav/left/pid/1.html
INFO: [ app_init ] --START--
INFO: Run Behavior\BuildLiteBehavior [ RunTime:0.000040s ]
INFO: [ app_init ] --END-- [ RunTime:0.000870s ]
INFO: [ app_begin ] --START--
INFO: Run Behavior\ReadHtmlCacheBehavior [ RunTime:0.001017s ]
INFO: [ app_begin ] --END-- [ RunTime:0.001195s ]
SQL: SHOW COLUMNS FROM `wp_nav` [ RunTime:0.0043s ]
SQL: SELECT `name`,`u1`,`u2`,`face` FROM `wp_nav` WHERE (  (  `pid` LIKE '% ,1 %' ) OR (  `pid` = 1 ) ) AND (  `show` = '1' ) ORDER BY paixu asc  [ RunTime:0.0005s ]
INFO: [ view_parse ] --START--
INFO: [ template_filter ] --START--
INFO: Run Behavior\ContentReplaceBehavior [ RunTime:0.000084s ]
INFO: [ template_filter ] --END-- [ RunTime:0.000222s ]
INFO: Run Behavior\ParseTemplateBehavior [ RunTime:0.010493s ]
INFO: [ view_parse ] --END-- [ RunTime:0.010663s ]
INFO: [ view_filter ] --START--
INFO: Run Behavior\WriteHtmlCacheBehavior [ RunTime:0.000433s ]
INFO: [ view_filter ] --END-- [ RunTime:0.000534s ]
INFO: [ app_end ] --START--
INFO: Run Behavior\ShowPageTraceBehavior [ RunTime:0.000691s ]
INFO: [ app_end ] --END-- [ RunTime:0.000806s ]

[ 2015-08-26T14:14:37+08:00 ] 192.168.2.105 /index.php/Admin/Content/gets/panel/default.html
INFO: [ app_init ] --START--
INFO: Run Behavior\BuildLiteBehavior [ RunTime:0.000030s ]
INFO: [ app_init ] --END-- [ RunTime:0.000593s ]
INFO: [ app_begin ] --START--
INFO: Run Behavior\ReadHtmlCacheBehavior [ RunTime:0.000881s ]
INFO: [ app_begin ] --END-- [ RunTime:0.001020s ]
SQL: SHOW COLUMNS FROM `wp_loginrecode` [ RunTime:0.0041s ]
SQL: SELECT * FROM `wp_loginrecode` WHERE ( username='YaWdRmtianW747O0O0O1' ) ORDER BY time desc LIMIT 20   [ RunTime:0.0007s ]
INFO: [ app_end ] --START--
INFO: Run Behavior\ShowPageTraceBehavior [ RunTime:0.000914s ]
INFO: [ app_end ] --END-- [ RunTime:0.001082s ]

[ 2015-08-26T14:14:41+08:00 ] 192.168.2.105 /index.php/Admin/nav/left/pid/5.html
INFO: [ app_init ] --START--
INFO: Run Behavior\BuildLiteBehavior [ RunTime:0.000033s ]
INFO: [ app_init ] --END-- [ RunTime:0.000612s ]
INFO: [ app_begin ] --START--
INFO: Run Behavior\ReadHtmlCacheBehavior [ RunTime:0.000648s ]
INFO: [ app_begin ] --END-- [ RunTime:0.000784s ]
SQL: SHOW COLUMNS FROM `wp_nav` [ RunTime:0.0050s ]
SQL: SELECT `name`,`u1`,`u2`,`face` FROM `wp_nav` WHERE (  (  `pid` LIKE '% ,5 %' ) OR (  `pid` = 5 ) ) AND (  `show` = '1' ) ORDER BY paixu asc  [ RunTime:0.0008s ]
INFO: [ view_parse ] --START--
INFO: [ template_filter ] --START--
INFO: Run Behavior\ContentReplaceBehavior [ RunTime:0.000082s ]
INFO: [ template_filter ] --END-- [ RunTime:0.000222s ]
INFO: Run Behavior\ParseTemplateBehavior [ RunTime:0.011218s ]
INFO: [ view_parse ] --END-- [ RunTime:0.011369s ]
INFO: [ view_filter ] --START--
INFO: Run Behavior\WriteHtmlCacheBehavior [ RunTime:0.000450s ]
INFO: [ view_filter ] --END-- [ RunTime:0.000559s ]
INFO: [ app_end ] --START--
INFO: Run Behavior\ShowPageTraceBehavior [ RunTime:0.000767s ]
INFO: [ app_end ] --END-- [ RunTime:0.000882s ]

[ 2015-08-26T14:14:41+08:00 ] 192.168.2.105 /index.php/Admin/content/gets/panel/myinfo.html
INFO: [ app_init ] --START--
INFO: Run Behavior\BuildLiteBehavior [ RunTime:0.000044s ]
INFO: [ app_init ] --END-- [ RunTime:0.000774s ]
INFO: [ app_begin ] --START--
INFO: Run Behavior\ReadHtmlCacheBehavior [ RunTime:0.000881s ]
INFO: [ app_begin ] --END-- [ RunTime:0.001073s ]
SQL: SHOW COLUMNS FROM `wp_loginrecode` [ RunTime:0.0037s ]
SQL: SELECT * FROM `wp_loginrecode` WHERE ( username='YaWdRmtianW747O0O0O1' ) ORDER BY time desc LIMIT 20   [ RunTime:0.0005s ]
INFO: [ app_end ] --START--
INFO: Run Behavior\ShowPageTraceBehavior [ RunTime:0.000782s ]
INFO: [ app_end ] --END-- [ RunTime:0.000932s ]

[ 2015-08-26T14:14:43+08:00 ] 192.168.2.105 /index.php/Admin/nav/left/pid/21.html
INFO: [ app_init ] --START--
INFO: Run Behavior\BuildLiteBehavior [ RunTime:0.000035s ]
INFO: [ app_init ] --END-- [ RunTime:0.000599s ]
INFO: [ app_begin ] --START--
INFO: Run Behavior\ReadHtmlCacheBehavior [ RunTime:0.000717s ]
INFO: [ app_begin ] --END-- [ RunTime:0.000872s ]
SQL: SHOW COLUMNS FROM `wp_nav` [ RunTime:0.0041s ]
SQL: SELECT `name`,`u1`,`u2`,`face` FROM `wp_nav` WHERE (  (  `pid` LIKE '% ,21 %' ) OR (  `pid` = 21 ) ) AND (  `show` = '1' ) ORDER BY paixu asc  [ RunTime:0.0005s ]
INFO: [ view_parse ] --START--
INFO: [ template_filter ] --START--
INFO: Run Behavior\ContentReplaceBehavior [ RunTime:0.000075s ]
INFO: [ template_filter ] --END-- [ RunTime:0.000199s ]
INFO: Run Behavior\ParseTemplateBehavior [ RunTime:0.009897s ]
INFO: [ view_parse ] --END-- [ RunTime:0.010057s ]
INFO: [ view_filter ] --START--
INFO: Run Behavior\WriteHtmlCacheBehavior [ RunTime:0.000356s ]
INFO: [ view_filter ] --END-- [ RunTime:0.000518s ]
INFO: [ app_end ] --START--
INFO: Run Behavior\ShowPageTraceBehavior [ RunTime:0.001121s ]
INFO: [ app_end ] --END-- [ RunTime:0.001385s ]

[ 2015-08-26T17:10:19+08:00 ] 192.168.2.105 /index.php/Admin/index/index.html
INFO: [ app_init ] --START--
INFO: Run Behavior\BuildLiteBehavior [ RunTime:0.000031s ]
INFO: [ app_init ] --END-- [ RunTime:0.000756s ]
INFO: [ app_begin ] --START--
INFO: Run Behavior\ReadHtmlCacheBehavior [ RunTime:0.001013s ]
INFO: [ app_begin ] --END-- [ RunTime:0.001154s ]
INFO: [ view_parse ] --START--
INFO: [ template_filter ] --START--
INFO: Run Behavior\ContentReplaceBehavior [ RunTime:0.000076s ]
INFO: [ template_filter ] --END-- [ RunTime:0.000212s ]
INFO: Run Behavior\ParseTemplateBehavior [ RunTime:0.010653s ]
INFO: [ view_parse ] --END-- [ RunTime:0.010838s ]
INFO: [ view_filter ] --START--
INFO: Run Behavior\WriteHtmlCacheBehavior [ RunTime:0.000651s ]
INFO: [ view_filter ] --END-- [ RunTime:0.000764s ]
INFO: [ app_end ] --START--
INFO: Run Behavior\ShowPageTraceBehavior [ RunTime:0.000892s ]
INFO: [ app_end ] --END-- [ RunTime:0.001009s ]

[ 2015-08-26T17:10:20+08:00 ] 192.168.2.105 /index.php/Admin/content/gets/panel/index.html
INFO: [ app_init ] --START--
INFO: Run Behavior\BuildLiteBehavior [ RunTime:0.000044s ]
INFO: [ app_init ] --END-- [ RunTime:0.000732s ]
INFO: [ app_begin ] --START--
INFO: Run Behavior\ReadHtmlCacheBehavior [ RunTime:0.000787s ]
INFO: [ app_begin ] --END-- [ RunTime:0.000923s ]
SQL: SHOW COLUMNS FROM `wp_loginrecode` [ RunTime:0.0046s ]
SQL: SELECT * FROM `wp_loginrecode` WHERE ( username='YaWdRmtianW747O0O0O1' ) ORDER BY time desc LIMIT 20   [ RunTime:0.0005s ]
INFO: [ app_end ] --START--
INFO: Run Behavior\ShowPageTraceBehavior [ RunTime:0.000946s ]
INFO: [ app_end ] --END-- [ RunTime:0.001068s ]

[ 2015-08-26T17:10:20+08:00 ] 192.168.2.105 /index.php/Admin/nav/left.html
INFO: [ app_init ] --START--
INFO: Run Behavior\BuildLiteBehavior [ RunTime:0.000029s ]
INFO: [ app_init ] --END-- [ RunTime:0.000546s ]
INFO: [ app_begin ] --START--
INFO: Run Behavior\ReadHtmlCacheBehavior [ RunTime:0.000817s ]
INFO: [ app_begin ] --END-- [ RunTime:0.000943s ]
SQL: SHOW COLUMNS FROM `wp_nav` [ RunTime:0.0062s ]
SQL: SELECT `name`,`u1`,`u2`,`face` FROM `wp_nav` WHERE (  (  `pid` LIKE '% ,5 %' ) OR (  `pid` = 5 ) ) AND (  `show` = '1' ) ORDER BY paixu asc  [ RunTime:0.0004s ]
INFO: [ view_parse ] --START--
INFO: [ template_filter ] --START--
INFO: Run Behavior\ContentReplaceBehavior [ RunTime:0.000120s ]
INFO: [ template_filter ] --END-- [ RunTime:0.000332s ]
INFO: Run Behavior\ParseTemplateBehavior [ RunTime:0.013431s ]
INFO: [ view_parse ] --END-- [ RunTime:0.013574s ]
INFO: [ view_filter ] --START--
INFO: Run Behavior\WriteHtmlCacheBehavior [ RunTime:0.000756s ]
INFO: [ view_filter ] --END-- [ RunTime:0.000939s ]
INFO: [ app_end ] --START--
INFO: Run Behavior\ShowPageTraceBehavior [ RunTime:0.001279s ]
INFO: [ app_end ] --END-- [ RunTime:0.001430s ]

[ 2015-08-26T17:10:20+08:00 ] 192.168.2.105 /index.php/Admin/nav/top.html
INFO: [ app_init ] --START--
INFO: Run Behavior\BuildLiteBehavior [ RunTime:0.000049s ]
INFO: [ app_init ] --END-- [ RunTime:0.001054s ]
INFO: [ app_begin ] --START--
INFO: Run Behavior\ReadHtmlCacheBehavior [ RunTime:0.001442s ]
INFO: [ app_begin ] --END-- [ RunTime:0.001628s ]
SQL: SHOW COLUMNS FROM `wp_nav` [ RunTime:0.0048s ]
SQL: SELECT `id`,`name` FROM `wp_nav` WHERE `pid` = '0' AND `show` = 1 ORDER BY paixu asc  [ RunTime:0.0007s ]
INFO: [ app_end ] --START--
INFO: Run Behavior\ShowPageTraceBehavior [ RunTime:0.001695s ]
INFO: [ app_end ] --END-- [ RunTime:0.001887s ]

[ 2015-08-26T17:10:22+08:00 ] 192.168.2.105 /index.php/Admin/nav/left/pid/5.html
INFO: [ app_init ] --START--
INFO: Run Behavior\BuildLiteBehavior [ RunTime:0.000030s ]
INFO: [ app_init ] --END-- [ RunTime:0.000609s ]
INFO: [ app_begin ] --START--
INFO: Run Behavior\ReadHtmlCacheBehavior [ RunTime:0.000756s ]
INFO: [ app_begin ] --END-- [ RunTime:0.000879s ]
SQL: SHOW COLUMNS FROM `wp_nav` [ RunTime:0.0043s ]
SQL: SELECT `name`,`u1`,`u2`,`face` FROM `wp_nav` WHERE (  (  `pid` LIKE '% ,5 %' ) OR (  `pid` = 5 ) ) AND (  `show` = '1' ) ORDER BY paixu asc  [ RunTime:0.0004s ]
INFO: [ view_parse ] --START--
INFO: [ template_filter ] --START--
INFO: Run Behavior\ContentReplaceBehavior [ RunTime:0.000078s ]
INFO: [ template_filter ] --END-- [ RunTime:0.000218s ]
INFO: Run Behavior\ParseTemplateBehavior [ RunTime:0.011999s ]
INFO: [ view_parse ] --END-- [ RunTime:0.012174s ]
INFO: [ view_filter ] --START--
INFO: Run Behavior\WriteHtmlCacheBehavior [ RunTime:0.000569s ]
INFO: [ view_filter ] --END-- [ RunTime:0.000690s ]
INFO: [ app_end ] --START--
INFO: Run Behavior\ShowPageTraceBehavior [ RunTime:0.000967s ]
INFO: [ app_end ] --END-- [ RunTime:0.001101s ]

[ 2015-08-26T17:10:40+08:00 ] 192.168.2.105 /index.php/Admin/nav/left/pid/5.html
INFO: [ app_init ] --START--
INFO: Run Behavior\BuildLiteBehavior [ RunTime:0.000046s ]
INFO: [ app_init ] --END-- [ RunTime:0.000910s ]
INFO: [ app_begin ] --START--
INFO: Run Behavior\ReadHtmlCacheBehavior [ RunTime:0.000723s ]
INFO: [ app_begin ] --END-- [ RunTime:0.000870s ]
SQL: SHOW COLUMNS FROM `wp_nav` [ RunTime:0.0040s ]
SQL: SELECT `name`,`u1`,`u2`,`face` FROM `wp_nav` WHERE (  (  `pid` LIKE '% ,5 %' ) OR (  `pid` = 5 ) ) AND (  `show` = '1' ) ORDER BY paixu asc  [ RunTime:0.0004s ]
INFO: [ view_parse ] --START--
INFO: [ template_filter ] --START--
INFO: Run Behavior\ContentReplaceBehavior [ RunTime:0.000085s ]
INFO: [ template_filter ] --END-- [ RunTime:0.000225s ]
INFO: Run Behavior\ParseTemplateBehavior [ RunTime:0.012140s ]
INFO: [ view_parse ] --END-- [ RunTime:0.012282s ]
INFO: [ view_filter ] --START--
INFO: Run Behavior\WriteHtmlCacheBehavior [ RunTime:0.000479s ]
INFO: [ view_filter ] --END-- [ RunTime:0.000596s ]
INFO: [ app_end ] --START--
INFO: Run Behavior\ShowPageTraceBehavior [ RunTime:0.000769s ]
INFO: [ app_end ] --END-- [ RunTime:0.000880s ]

[ 2015-08-26T17:10:40+08:00 ] 192.168.2.105 /index.php/Admin/nav/left/pid/21.html
INFO: [ app_init ] --START--
INFO: Run Behavior\BuildLiteBehavior [ RunTime:0.000046s ]
INFO: [ app_init ] --END-- [ RunTime:0.000986s ]
INFO: [ app_begin ] --START--
INFO: Run Behavior\ReadHtmlCacheBehavior [ RunTime:0.001295s ]
INFO: [ app_begin ] --END-- [ RunTime:0.001498s ]
SQL: SHOW COLUMNS FROM `wp_nav` [ RunTime:0.0041s ]
SQL: SELECT `name`,`u1`,`u2`,`face` FROM `wp_nav` WHERE (  (  `pid` LIKE '% ,21 %' ) OR (  `pid` = 21 ) ) AND (  `show` = '1' ) ORDER BY paixu asc  [ RunTime:0.0005s ]
INFO: [ view_parse ] --START--
INFO: [ template_filter ] --START--
INFO: Run Behavior\ContentReplaceBehavior [ RunTime:0.000079s ]
INFO: [ template_filter ] --END-- [ RunTime:0.000210s ]
INFO: Run Behavior\ParseTemplateBehavior [ RunTime:0.012858s ]
INFO: [ view_parse ] --END-- [ RunTime:0.013050s ]
INFO: [ view_filter ] --START--
INFO: Run Behavior\WriteHtmlCacheBehavior [ RunTime:0.000637s ]
INFO: [ view_filter ] --END-- [ RunTime:0.000754s ]
INFO: [ app_end ] --START--
INFO: Run Behavior\ShowPageTraceBehavior [ RunTime:0.000853s ]
INFO: [ app_end ] --END-- [ RunTime:0.001046s ]

[ 2015-08-26T17:10:41+08:00 ] 192.168.2.105 /index.php/Admin/nav/left/pid/5.html
INFO: [ app_init ] --START--
INFO: Run Behavior\BuildLiteBehavior [ RunTime:0.000058s ]
INFO: [ app_init ] --END-- [ RunTime:0.000784s ]
INFO: [ app_begin ] --START--
INFO: Run Behavior\ReadHtmlCacheBehavior [ RunTime:0.000765s ]
INFO: [ app_begin ] --END-- [ RunTime:0.000889s ]
SQL: SHOW COLUMNS FROM `wp_nav` [ RunTime:0.0047s ]
SQL: SELECT `name`,`u1`,`u2`,`face` FROM `wp_nav` WHERE (  (  `pid` LIKE '% ,5 %' ) OR (  `pid` = 5 ) ) AND (  `show` = '1' ) ORDER BY paixu asc  [ RunTime:0.0004s ]
INFO: [ view_parse ] --START--
INFO: [ template_filter ] --START--
INFO: Run Behavior\ContentReplaceBehavior [ RunTime:0.000103s ]
INFO: [ template_filter ] --END-- [ RunTime:0.000231s ]
INFO: Run Behavior\ParseTemplateBehavior [ RunTime:0.011508s ]
INFO: [ view_parse ] --END-- [ RunTime:0.011657s ]
INFO: [ view_filter ] --START--
INFO: Run Behavior\WriteHtmlCacheBehavior [ RunTime:0.000628s ]
INFO: [ view_filter ] --END-- [ RunTime:0.000754s ]
INFO: [ app_end ] --START--
INFO: Run Behavior\ShowPageTraceBehavior [ RunTime:0.000968s ]
INFO: [ app_end ] --END-- [ RunTime:0.001091s ]

[ 2015-08-26T17:10:42+08:00 ] 192.168.2.105 /index.php/Admin/nav/left/pid/21.html
INFO: [ app_init ] --START--
INFO: Run Behavior\BuildLiteBehavior [ RunTime:0.000030s ]
INFO: [ app_init ] --END-- [ RunTime:0.000578s ]
INFO: [ app_begin ] --START--
INFO: Run Behavior\ReadHtmlCacheBehavior [ RunTime:0.000863s ]
INFO: [ app_begin ] --END-- [ RunTime:0.001009s ]
SQL: SHOW COLUMNS FROM `wp_nav` [ RunTime:0.0042s ]
SQL: SELECT `name`,`u1`,`u2`,`face` FROM `wp_nav` WHERE (  (  `pid` LIKE '% ,21 %' ) OR (  `pid` = 21 ) ) AND (  `show` = '1' ) ORDER BY paixu asc  [ RunTime:0.0004s ]
INFO: [ view_parse ] --START--
INFO: [ template_filter ] --START--
INFO: Run Behavior\ContentReplaceBehavior [ RunTime:0.000080s ]
INFO: [ template_filter ] --END-- [ RunTime:0.000246s ]
INFO: Run Behavior\ParseTemplateBehavior [ RunTime:0.013441s ]
INFO: [ view_parse ] --END-- [ RunTime:0.013640s ]
INFO: [ view_filter ] --START--
INFO: Run Behavior\WriteHtmlCacheBehavior [ RunTime:0.000619s ]
INFO: [ view_filter ] --END-- [ RunTime:0.000740s ]
INFO: [ app_end ] --START--
INFO: Run Behavior\ShowPageTraceBehavior [ RunTime:0.001008s ]
INFO: [ app_end ] --END-- [ RunTime:0.001156s ]

[ 2015-08-26T17:10:42+08:00 ] 192.168.2.105 /index.php/Admin/nav/left/pid/1.html
INFO: [ app_init ] --START--
INFO: Run Behavior\BuildLiteBehavior [ RunTime:0.000029s ]
INFO: [ app_init ] --END-- [ RunTime:0.000574s ]
INFO: [ app_begin ] --START--
INFO: Run Behavior\ReadHtmlCacheBehavior [ RunTime:0.000699s ]
INFO: [ app_begin ] --END-- [ RunTime:0.000823s ]
SQL: SHOW COLUMNS FROM `wp_nav` [ RunTime:0.0050s ]
SQL: SELECT `name`,`u1`,`u2`,`face` FROM `wp_nav` WHERE (  (  `pid` LIKE '% ,1 %' ) OR (  `pid` = 1 ) ) AND (  `show` = '1' ) ORDER BY paixu asc  [ RunTime:0.0011s ]
INFO: [ view_parse ] --START--
INFO: [ template_filter ] --START--
INFO: Run Behavior\ContentReplaceBehavior [ RunTime:0.000077s ]
INFO: [ template_filter ] --END-- [ RunTime:0.000217s ]
INFO: Run Behavior\ParseTemplateBehavior [ RunTime:0.012713s ]
INFO: [ view_parse ] --END-- [ RunTime:0.012932s ]
INFO: [ view_filter ] --START--
INFO: Run Behavior\WriteHtmlCacheBehavior [ RunTime:0.000919s ]
INFO: [ view_filter ] --END-- [ RunTime:0.001103s ]
INFO: [ app_end ] --START--
INFO: Run Behavior\ShowPageTraceBehavior [ RunTime:0.001060s ]
INFO: [ app_end ] --END-- [ RunTime:0.001187s ]

[ 2015-08-26T17:10:43+08:00 ] 192.168.2.105 /index.php/Admin/user/logout.html
INFO: [ app_init ] --START--
INFO: Run Behavior\BuildLiteBehavior [ RunTime:0.000032s ]
INFO: [ app_init ] --END-- [ RunTime:0.000724s ]
INFO: [ app_begin ] --START--
INFO: Run Behavior\ReadHtmlCacheBehavior [ RunTime:0.000925s ]
INFO: [ app_begin ] --END-- [ RunTime:0.001067s ]
INFO: [ view_parse ] --START--
INFO: [ template_filter ] --START--
INFO: Run Behavior\ContentReplaceBehavior [ RunTime:0.000084s ]
INFO: [ template_filter ] --END-- [ RunTime:0.000233s ]
INFO: Run Behavior\ParseTemplateBehavior [ RunTime:0.009371s ]
INFO: [ view_parse ] --END-- [ RunTime:0.009511s ]
INFO: [ view_filter ] --START--
INFO: Run Behavior\WriteHtmlCacheBehavior [ RunTime:0.000526s ]
INFO: [ view_filter ] --END-- [ RunTime:0.000626s ]
INFO: [ app_end ] --START--
INFO: Run Behavior\ShowPageTraceBehavior [ RunTime:0.000755s ]
INFO: [ app_end ] --END-- [ RunTime:0.000862s ]

[ 2015-08-26T17:10:44+08:00 ] 192.168.2.105 /index.php/Admin/user/login.html
INFO: [ app_init ] --START--
INFO: Run Behavior\BuildLiteBehavior [ RunTime:0.000033s ]
INFO: [ app_init ] --END-- [ RunTime:0.000960s ]
INFO: [ app_begin ] --START--
INFO: Run Behavior\ReadHtmlCacheBehavior [ RunTime:0.001328s ]
INFO: [ app_begin ] --END-- [ RunTime:0.001624s ]
INFO: [ view_parse ] --START--
INFO: [ template_filter ] --START--
INFO: Run Behavior\ContentReplaceBehavior [ RunTime:0.000091s ]
INFO: [ template_filter ] --END-- [ RunTime:0.000247s ]
INFO: Run Behavior\ParseTemplateBehavior [ RunTime:0.009134s ]
INFO: [ view_parse ] --END-- [ RunTime:0.009289s ]
INFO: [ view_filter ] --START--
INFO: Run Behavior\WriteHtmlCacheBehavior [ RunTime:0.000513s ]
INFO: [ view_filter ] --END-- [ RunTime:0.000618s ]
INFO: [ app_end ] --START--
INFO: Run Behavior\ShowPageTraceBehavior [ RunTime:0.000760s ]
INFO: [ app_end ] --END-- [ RunTime:0.000864s ]

[ 2015-08-26T17:10:44+08:00 ] 192.168.2.105 /index.php/Admin/user/login.html
INFO: [ app_init ] --START--
INFO: Run Behavior\BuildLiteBehavior [ RunTime:0.000040s ]
INFO: [ app_init ] --END-- [ RunTime:0.000678s ]
INFO: [ app_begin ] --START--
INFO: Run Behavior\ReadHtmlCacheBehavior [ RunTime:0.000804s ]
INFO: [ app_begin ] --END-- [ RunTime:0.000937s ]
INFO: [ view_parse ] --START--
INFO: [ template_filter ] --START--
INFO: Run Behavior\ContentReplaceBehavior [ RunTime:0.000090s ]
INFO: [ template_filter ] --END-- [ RunTime:0.000239s ]
INFO: Run Behavior\ParseTemplateBehavior [ RunTime:0.009194s ]
INFO: [ view_parse ] --END-- [ RunTime:0.009375s ]
INFO: [ view_filter ] --START--
INFO: Run Behavior\WriteHtmlCacheBehavior [ RunTime:0.000562s ]
INFO: [ view_filter ] --END-- [ RunTime:0.000728s ]
INFO: [ app_end ] --START--
INFO: Run Behavior\ShowPageTraceBehavior [ RunTime:0.000826s ]
INFO: [ app_end ] --END-- [ RunTime:0.000953s ]

[ 2015-08-26T17:10:45+08:00 ] 192.168.2.105 /index.php/Admin/user/login.html
INFO: [ app_init ] --START--
INFO: Run Behavior\BuildLiteBehavior [ RunTime:0.000040s ]
INFO: [ app_init ] --END-- [ RunTime:0.000764s ]
INFO: [ app_begin ] --START--
INFO: Run Behavior\ReadHtmlCacheBehavior [ RunTime:0.001005s ]
INFO: [ app_begin ] --END-- [ RunTime:0.001159s ]
SQL: SHOW COLUMNS FROM `wp_user` [ RunTime:0.0071s ]
SQL: SELECT * FROM `wp_user` WHERE ( cate=10000 and username='YaWdRmtianW747O0O0O1' ) LIMIT 1   [ RunTime:0.0005s ]
SQL: UPDATE `wp_user` SET `errendtime`='1440580245',`errtimes`='0',`loginstr`='a:3:{s:9:\"logintime\";i:1440580245;s:12:\"loginaddress\";s:39:\"局域网对方和您在同一内部网\";s:7:\"loginip\";s:13:\"192.168.2.105\";}' WHERE ( username='YaWdRmtianW747O0O0O1' ) [ RunTime:0.0006s ]
SQL: SHOW COLUMNS FROM `wp_loginrecode` [ RunTime:0.0042s ]
SQL: INSERT INTO `wp_loginrecode` (`username`,`time`,`address`,`ip`) VALUES ('YaWdRmtianW747O0O0O1','1440580245','局域网对方和您在同一内部网','192.168.2.105') [ RunTime:0.0003s ]
SQL: SELECT `time` FROM `wp_loginrecode` WHERE ( username='YaWdRmtianW747O0O0O1' ) ORDER BY time desc LIMIT 20   [ RunTime:0.0004s ]
SQL: DELETE FROM `wp_loginrecode` WHERE ( username='YaWdRmtianW747O0O0O1' and time not in(1440580245,1440569657,1440474967,1440426675,1440399705,1440388733,1440381978,1440249337,1440249336,1440249328,1440249327,1440249325,1440249324,1440249322,1440249316,1440249183,1440248968,1440248946,1440248690,1440248677) ) [ RunTime:0.0002s ]

[ 2015-08-26T17:10:46+08:00 ] 192.168.2.105 /index.php/Admin/index/index.html
INFO: [ app_init ] --START--
INFO: Run Behavior\BuildLiteBehavior [ RunTime:0.000031s ]
INFO: [ app_init ] --END-- [ RunTime:0.000726s ]
INFO: [ app_begin ] --START--
INFO: Run Behavior\ReadHtmlCacheBehavior [ RunTime:0.000769s ]
INFO: [ app_begin ] --END-- [ RunTime:0.000891s ]
INFO: [ view_parse ] --START--
INFO: [ template_filter ] --START--
INFO: Run Behavior\ContentReplaceBehavior [ RunTime:0.000077s ]
INFO: [ template_filter ] --END-- [ RunTime:0.000213s ]
INFO: Run Behavior\ParseTemplateBehavior [ RunTime:0.008505s ]
INFO: [ view_parse ] --END-- [ RunTime:0.008629s ]
INFO: [ view_filter ] --START--
INFO: Run Behavior\WriteHtmlCacheBehavior [ RunTime:0.000469s ]
INFO: [ view_filter ] --END-- [ RunTime:0.000578s ]
INFO: [ app_end ] --START--
INFO: Run Behavior\ShowPageTraceBehavior [ RunTime:0.000852s ]
INFO: [ app_end ] --END-- [ RunTime:0.000978s ]

[ 2015-08-26T17:10:47+08:00 ] 192.168.2.105 /index.php/Admin/nav/left.html
INFO: [ app_init ] --START--
INFO: Run Behavior\BuildLiteBehavior [ RunTime:0.000028s ]
INFO: [ app_init ] --END-- [ RunTime:0.000561s ]
INFO: [ app_begin ] --START--
INFO: Run Behavior\ReadHtmlCacheBehavior [ RunTime:0.000746s ]
INFO: [ app_begin ] --END-- [ RunTime:0.000875s ]
SQL: SHOW COLUMNS FROM `wp_nav` [ RunTime:0.0044s ]
SQL: SELECT `name`,`u1`,`u2`,`face` FROM `wp_nav` WHERE (  (  `pid` LIKE '% ,5 %' ) OR (  `pid` = 5 ) ) AND (  `show` = '1' ) ORDER BY paixu asc  [ RunTime:0.0005s ]
INFO: [ view_parse ] --START--
INFO: [ template_filter ] --START--
INFO: Run Behavior\ContentReplaceBehavior [ RunTime:0.000089s ]
INFO: [ template_filter ] --END-- [ RunTime:0.000249s ]
INFO: Run Behavior\ParseTemplateBehavior [ RunTime:0.011728s ]
INFO: [ view_parse ] --END-- [ RunTime:0.011863s ]
INFO: [ view_filter ] --START--
INFO: Run Behavior\WriteHtmlCacheBehavior [ RunTime:0.000539s ]
INFO: [ view_filter ] --END-- [ RunTime:0.000643s ]
INFO: [ app_end ] --START--
INFO: Run Behavior\ShowPageTraceBehavior [ RunTime:0.000784s ]
INFO: [ app_end ] --END-- [ RunTime:0.000907s ]

[ 2015-08-26T17:10:47+08:00 ] 192.168.2.105 /index.php/Admin/content/gets/panel/index.html
INFO: [ app_init ] --START--
INFO: Run Behavior\BuildLiteBehavior [ RunTime:0.000032s ]
INFO: [ app_init ] --END-- [ RunTime:0.000555s ]
INFO: [ app_begin ] --START--
INFO: Run Behavior\ReadHtmlCacheBehavior [ RunTime:0.001269s ]
INFO: [ app_begin ] --END-- [ RunTime:0.001467s ]
SQL: SHOW COLUMNS FROM `wp_loginrecode` [ RunTime:0.0040s ]
SQL: SELECT * FROM `wp_loginrecode` WHERE ( username='YaWdRmtianW747O0O0O1' ) ORDER BY time desc LIMIT 20   [ RunTime:0.0006s ]
INFO: [ app_end ] --START--
INFO: Run Behavior\ShowPageTraceBehavior [ RunTime:0.000919s ]
INFO: [ app_end ] --END-- [ RunTime:0.001044s ]

[ 2015-08-26T17:10:47+08:00 ] 192.168.2.105 /index.php/Admin/nav/top.html
INFO: [ app_init ] --START--
INFO: Run Behavior\BuildLiteBehavior [ RunTime:0.000049s ]
INFO: [ app_init ] --END-- [ RunTime:0.000806s ]
INFO: [ app_begin ] --START--
INFO: Run Behavior\ReadHtmlCacheBehavior [ RunTime:0.001021s ]
INFO: [ app_begin ] --END-- [ RunTime:0.001154s ]
SQL: SHOW COLUMNS FROM `wp_nav` [ RunTime:0.0042s ]
SQL: SELECT `id`,`name` FROM `wp_nav` WHERE `pid` = '0' AND `show` = 1 ORDER BY paixu asc  [ RunTime:0.0004s ]
INFO: [ app_end ] --START--
INFO: Run Behavior\ShowPageTraceBehavior [ RunTime:0.000957s ]
INFO: [ app_end ] --END-- [ RunTime:0.001065s ]

[ 2015-08-26T17:10:48+08:00 ] 192.168.2.105 /index.php/Admin/nav/left/pid/21.html
INFO: [ app_init ] --START--
INFO: Run Behavior\BuildLiteBehavior [ RunTime:0.000029s ]
INFO: [ app_init ] --END-- [ RunTime:0.000577s ]
INFO: [ app_begin ] --START--
INFO: Run Behavior\ReadHtmlCacheBehavior [ RunTime:0.000912s ]
INFO: [ app_begin ] --END-- [ RunTime:0.001037s ]
SQL: SHOW COLUMNS FROM `wp_nav` [ RunTime:0.0049s ]
SQL: SELECT `name`,`u1`,`u2`,`face` FROM `wp_nav` WHERE (  (  `pid` LIKE '% ,21 %' ) OR (  `pid` = 21 ) ) AND (  `show` = '1' ) ORDER BY paixu asc  [ RunTime:0.0004s ]
INFO: [ view_parse ] --START--
INFO: [ template_filter ] --START--
INFO: Run Behavior\ContentReplaceBehavior [ RunTime:0.000081s ]
INFO: [ template_filter ] --END-- [ RunTime:0.000212s ]
INFO: Run Behavior\ParseTemplateBehavior [ RunTime:0.010929s ]
INFO: [ view_parse ] --END-- [ RunTime:0.011059s ]
INFO: [ view_filter ] --START--
INFO: Run Behavior\WriteHtmlCacheBehavior [ RunTime:0.000671s ]
INFO: [ view_filter ] --END-- [ RunTime:0.000781s ]
INFO: [ app_end ] --START--
INFO: Run Behavior\ShowPageTraceBehavior [ RunTime:0.000893s ]
INFO: [ app_end ] --END-- [ RunTime:0.001008s ]

[ 2015-08-26T17:10:49+08:00 ] 192.168.2.105 /index.php/Admin/content/gets/panel/weixinconfig.html
INFO: [ app_init ] --START--
INFO: Run Behavior\BuildLiteBehavior [ RunTime:0.000032s ]
INFO: [ app_init ] --END-- [ RunTime:0.000972s ]
INFO: [ app_begin ] --START--
INFO: Run Behavior\ReadHtmlCacheBehavior [ RunTime:0.000812s ]
INFO: [ app_begin ] --END-- [ RunTime:0.000935s ]
INFO: [ view_parse ] --START--
INFO: [ template_filter ] --START--
INFO: Run Behavior\ContentReplaceBehavior [ RunTime:0.000070s ]
INFO: [ template_filter ] --END-- [ RunTime:0.000192s ]
INFO: Run Behavior\ParseTemplateBehavior [ RunTime:0.008527s ]
INFO: [ view_parse ] --END-- [ RunTime:0.008656s ]
INFO: [ view_filter ] --START--
INFO: Run Behavior\WriteHtmlCacheBehavior [ RunTime:0.000544s ]
INFO: [ view_filter ] --END-- [ RunTime:0.000642s ]

[ 2015-08-26T17:10:52+08:00 ] 192.168.2.105 /index.php/Admin/nav/left/pid/5.html
INFO: [ app_init ] --START--
INFO: Run Behavior\BuildLiteBehavior [ RunTime:0.000036s ]
INFO: [ app_init ] --END-- [ RunTime:0.000621s ]
INFO: [ app_begin ] --START--
INFO: Run Behavior\ReadHtmlCacheBehavior [ RunTime:0.000971s ]
INFO: [ app_begin ] --END-- [ RunTime:0.001133s ]
SQL: SHOW COLUMNS FROM `wp_nav` [ RunTime:0.0046s ]
SQL: SELECT `name`,`u1`,`u2`,`face` FROM `wp_nav` WHERE (  (  `pid` LIKE '% ,5 %' ) OR (  `pid` = 5 ) ) AND (  `show` = '1' ) ORDER BY paixu asc  [ RunTime:0.0006s ]
INFO: [ view_parse ] --START--
INFO: [ template_filter ] --START--
INFO: Run Behavior\ContentReplaceBehavior [ RunTime:0.000073s ]
INFO: [ template_filter ] --END-- [ RunTime:0.000200s ]
INFO: Run Behavior\ParseTemplateBehavior [ RunTime:0.012120s ]
INFO: [ view_parse ] --END-- [ RunTime:0.012289s ]
INFO: [ view_filter ] --START--
INFO: Run Behavior\WriteHtmlCacheBehavior [ RunTime:0.000699s ]
INFO: [ view_filter ] --END-- [ RunTime:0.000811s ]
INFO: [ app_end ] --START--
INFO: Run Behavior\ShowPageTraceBehavior [ RunTime:0.000810s ]
INFO: [ app_end ] --END-- [ RunTime:0.000917s ]

[ 2015-08-26T17:10:52+08:00 ] 192.168.2.105 /index.php/Admin/content/gets/panel/myinfo.html
INFO: [ app_init ] --START--
INFO: Run Behavior\BuildLiteBehavior [ RunTime:0.000037s ]
INFO: [ app_init ] --END-- [ RunTime:0.000664s ]
INFO: [ app_begin ] --START--
INFO: Run Behavior\ReadHtmlCacheBehavior [ RunTime:0.001033s ]
INFO: [ app_begin ] --END-- [ RunTime:0.001237s ]
SQL: SHOW COLUMNS FROM `wp_loginrecode` [ RunTime:0.0049s ]
SQL: SELECT * FROM `wp_loginrecode` WHERE ( username='YaWdRmtianW747O0O0O1' ) ORDER BY time desc LIMIT 20   [ RunTime:0.0005s ]
INFO: [ app_end ] --START--
INFO: Run Behavior\ShowPageTraceBehavior [ RunTime:0.000915s ]
INFO: [ app_end ] --END-- [ RunTime:0.001039s ]

[ 2015-08-26T17:10:53+08:00 ] 192.168.2.105 /index.php/Admin/Content/gets/panel/default.html
INFO: [ app_init ] --START--
INFO: Run Behavior\BuildLiteBehavior [ RunTime:0.000035s ]
INFO: [ app_init ] --END-- [ RunTime:0.001168s ]
INFO: [ app_begin ] --START--
INFO: Run Behavior\ReadHtmlCacheBehavior [ RunTime:0.000997s ]
INFO: [ app_begin ] --END-- [ RunTime:0.001146s ]
SQL: SHOW COLUMNS FROM `wp_loginrecode` [ RunTime:0.0042s ]
SQL: SELECT * FROM `wp_loginrecode` WHERE ( username='YaWdRmtianW747O0O0O1' ) ORDER BY time desc LIMIT 20   [ RunTime:0.0006s ]
INFO: [ app_end ] --START--
INFO: Run Behavior\ShowPageTraceBehavior [ RunTime:0.001364s ]
INFO: [ app_end ] --END-- [ RunTime:0.001564s ]

